<?xml version="1.0" encoding="UTF-8"?>
<!-- Generated by org.testng.reporters.JUnitXMLReporter -->
<testsuite hostname="DESKTOP-FID49DI" ignored="0" name="Default test" tests="6" failures="0" timestamp="30 Apr 2021 20:42:17 GMT" time="13.035" errors="0">
  <testcase name="index_Test1" time="0.417" classname="com.tests.IndexTest"/>
  <testcase name="index_Test2" time="0.086" classname="com.tests.IndexTest"/>
  <testcase name="index_Test3" time="0.249" classname="com.tests.IndexTest"/>
  <testcase name="index_Test4" time="0.097" classname="com.tests.IndexTest"/>
  <testcase name="index_Test5" time="7.672" classname="com.tests.IndexTest"/>
  <testcase name="index_Test6" time="0.208" classname="com.tests.IndexTest"/>
</testsuite> <!-- Default test -->
