<?xml version="1.0" encoding="UTF-8"?>
<testng-results skipped="0" failed="0" ignored="0" total="6" passed="6">
  <reporter-output>
  </reporter-output>
  <suite name="the Index Automation Suite" duration-ms="58901" started-at="2021-05-02T17:01:45Z" finished-at="2021-05-02T17:02:44Z">
    <groups>
    </groups>
    <test name="Automation_Test" duration-ms="58901" started-at="2021-05-02T17:01:45Z" finished-at="2021-05-02T17:02:44Z">
      <class name="com.tests.IndexTest">
        <test-method status="PASS" signature="initialization()[pri:0, instance:com.tests.IndexTest@d4004b]" name="initialization" is-config="true" duration-ms="43183" started-at="2021-05-02T17:01:45Z" finished-at="2021-05-02T17:02:28Z">
          <reporter-output>
          </reporter-output>
        </test-method> <!-- initialization -->
        <test-method status="PASS" signature="index_Test1()[pri:0, instance:com.tests.IndexTest@d4004b]" name="index_Test1" duration-ms="7631" started-at="2021-05-02T17:02:28Z" finished-at="2021-05-02T17:02:36Z">
          <reporter-output>
          </reporter-output>
        </test-method> <!-- index_Test1 -->
        <test-method status="PASS" signature="tearDown(org.testng.ITestResult)[pri:0, instance:com.tests.IndexTest@d4004b]" name="tearDown" is-config="true" duration-ms="3" started-at="2021-05-02T17:02:36Z" finished-at="2021-05-02T17:02:36Z">
          <params>
            <param index="0">
              <value>
                <![CDATA[[TestResult name=index_Test1 status=SUCCESS method=IndexTest.index_Test1()[pri:0, instance:com.tests.IndexTest@d4004b] output={null}]]]>
              </value>
            </param>
          </params>
          <reporter-output>
          </reporter-output>
        </test-method> <!-- tearDown -->
        <test-method status="PASS" signature="index_Test2()[pri:1, instance:com.tests.IndexTest@d4004b]" name="index_Test2" duration-ms="1111" started-at="2021-05-02T17:02:36Z" finished-at="2021-05-02T17:02:37Z">
          <reporter-output>
          </reporter-output>
        </test-method> <!-- index_Test2 -->
        <test-method status="PASS" signature="tearDown(org.testng.ITestResult)[pri:0, instance:com.tests.IndexTest@d4004b]" name="tearDown" is-config="true" duration-ms="0" started-at="2021-05-02T17:02:37Z" finished-at="2021-05-02T17:02:37Z">
          <params>
            <param index="0">
              <value>
                <![CDATA[[TestResult name=index_Test2 status=SUCCESS method=IndexTest.index_Test2()[pri:1, instance:com.tests.IndexTest@d4004b] output={null}]]]>
              </value>
            </param>
          </params>
          <reporter-output>
          </reporter-output>
        </test-method> <!-- tearDown -->
        <test-method status="PASS" signature="index_Test3()[pri:2, instance:com.tests.IndexTest@d4004b]" name="index_Test3" duration-ms="3279" started-at="2021-05-02T17:02:37Z" finished-at="2021-05-02T17:02:40Z">
          <reporter-output>
          </reporter-output>
        </test-method> <!-- index_Test3 -->
        <test-method status="PASS" signature="tearDown(org.testng.ITestResult)[pri:0, instance:com.tests.IndexTest@d4004b]" name="tearDown" is-config="true" duration-ms="0" started-at="2021-05-02T17:02:40Z" finished-at="2021-05-02T17:02:40Z">
          <params>
            <param index="0">
              <value>
                <![CDATA[[TestResult name=index_Test3 status=SUCCESS method=IndexTest.index_Test3()[pri:2, instance:com.tests.IndexTest@d4004b] output={null}]]]>
              </value>
            </param>
          </params>
          <reporter-output>
          </reporter-output>
        </test-method> <!-- tearDown -->
        <test-method status="PASS" signature="index_Test4()[pri:3, instance:com.tests.IndexTest@d4004b]" name="index_Test4" duration-ms="66" started-at="2021-05-02T17:02:40Z" finished-at="2021-05-02T17:02:40Z">
          <reporter-output>
          </reporter-output>
        </test-method> <!-- index_Test4 -->
        <test-method status="PASS" signature="index_Test5()[pri:4, instance:com.tests.IndexTest@d4004b]" name="index_Test5" duration-ms="232" started-at="2021-05-02T17:02:40Z" finished-at="2021-05-02T17:02:41Z">
          <reporter-output>
          </reporter-output>
        </test-method> <!-- index_Test5 -->
        <test-method status="PASS" signature="tearDown(org.testng.ITestResult)[pri:0, instance:com.tests.IndexTest@d4004b]" name="tearDown" is-config="true" duration-ms="0" started-at="2021-05-02T17:02:40Z" finished-at="2021-05-02T17:02:40Z">
          <params>
            <param index="0">
              <value>
                <![CDATA[[TestResult name=index_Test4 status=SUCCESS method=IndexTest.index_Test4()[pri:3, instance:com.tests.IndexTest@d4004b] output={null}]]]>
              </value>
            </param>
          </params>
          <reporter-output>
          </reporter-output>
        </test-method> <!-- tearDown -->
        <test-method status="PASS" signature="tearDown(org.testng.ITestResult)[pri:0, instance:com.tests.IndexTest@d4004b]" name="tearDown" is-config="true" duration-ms="0" started-at="2021-05-02T17:02:41Z" finished-at="2021-05-02T17:02:41Z">
          <params>
            <param index="0">
              <value>
                <![CDATA[[TestResult name=index_Test5 status=SUCCESS method=IndexTest.index_Test5()[pri:4, instance:com.tests.IndexTest@d4004b] output={null}]]]>
              </value>
            </param>
          </params>
          <reporter-output>
          </reporter-output>
        </test-method> <!-- tearDown -->
        <test-method status="PASS" signature="index_Test6()[pri:5, instance:com.tests.IndexTest@d4004b]" name="index_Test6" duration-ms="190" started-at="2021-05-02T17:02:41Z" finished-at="2021-05-02T17:02:41Z">
          <reporter-output>
          </reporter-output>
        </test-method> <!-- index_Test6 -->
        <test-method status="PASS" signature="tearDown(org.testng.ITestResult)[pri:0, instance:com.tests.IndexTest@d4004b]" name="tearDown" is-config="true" duration-ms="1" started-at="2021-05-02T17:02:41Z" finished-at="2021-05-02T17:02:41Z">
          <params>
            <param index="0">
              <value>
                <![CDATA[[TestResult name=index_Test6 status=SUCCESS method=IndexTest.index_Test6()[pri:5, instance:com.tests.IndexTest@d4004b] output={null}]]]>
              </value>
            </param>
          </params>
          <reporter-output>
          </reporter-output>
        </test-method> <!-- tearDown -->
        <test-method status="PASS" signature="quit()[pri:0, instance:com.tests.IndexTest@d4004b]" name="quit" is-config="true" duration-ms="2912" started-at="2021-05-02T17:02:41Z" finished-at="2021-05-02T17:02:44Z">
          <reporter-output>
          </reporter-output>
        </test-method> <!-- quit -->
      </class> <!-- com.tests.IndexTest -->
    </test> <!-- Automation_Test -->
  </suite> <!-- the Index Automation Suite -->
</testng-results>
