<?xml version="1.0" encoding="UTF-8"?>
<!-- Generated by org.testng.reporters.JUnitXMLReporter -->
<testsuite hostname="DESKTOP-FID49DI" ignored="0" name="Automation_Test" tests="6" failures="0" timestamp="02 May 2021 17:02:44 GMT" time="58.901" errors="0">
  <testcase name="index_Test1" time="7.631" classname="com.tests.IndexTest"/>
  <testcase name="index_Test2" time="1.111" classname="com.tests.IndexTest"/>
  <testcase name="index_Test3" time="3.279" classname="com.tests.IndexTest"/>
  <testcase name="index_Test4" time="0.066" classname="com.tests.IndexTest"/>
  <testcase name="index_Test5" time="0.232" classname="com.tests.IndexTest"/>
  <testcase name="index_Test6" time="0.19" classname="com.tests.IndexTest"/>
</testsuite> <!-- Automation_Test -->
